nohup: ignoring input
PyTorch Version:  1.0.1.post2
Torchvision Version:  0.2.2
Net(
  (conv1): Conv2d(3, 64, kernel_size=(7, 7), stride=(2, 2), padding=(3, 3), bias=False)
  (relu): ReLU(inplace)
  (maxpool): MaxPool2d(kernel_size=3, stride=2, padding=1, dilation=1, ceil_mode=False)
  (layer1): Sequential(
    (0): Bottleneck(
      (conv1): Conv2d(64, 64, kernel_size=(1, 1), stride=(1, 1), bias=False)
      (conv2): Conv2d(64, 64, kernel_size=(3, 3), stride=(1, 1), padding=(1, 1), bias=False)
      (conv3): Conv2d(64, 256, kernel_size=(1, 1), stride=(1, 1), bias=False)
      (relu): ReLU(inplace)
      (downsample): Sequential(
        (0): Conv2d(64, 256, kernel_size=(1, 1), stride=(1, 1), bias=False)
      )
    )
    (1): Bottleneck(
      (conv1): Conv2d(256, 64, kernel_size=(1, 1), stride=(1, 1), bias=False)
      (conv2): Conv2d(64, 64, kernel_size=(3, 3), stride=(1, 1), padding=(1, 1), bias=False)
      (conv3): Conv2d(64, 256, kernel_size=(1, 1), stride=(1, 1), bias=False)
      (relu): ReLU(inplace)
    )
    (2): Bottleneck(
      (conv1): Conv2d(256, 64, kernel_size=(1, 1), stride=(1, 1), bias=False)
      (conv2): Conv2d(64, 64, kernel_size=(3, 3), stride=(1, 1), padding=(1, 1), bias=False)
      (conv3): Conv2d(64, 256, kernel_size=(1, 1), stride=(1, 1), bias=False)
      (relu): ReLU(inplace)
    )
  )
  (layer2): Sequential(
    (0): Bottleneck(
      (conv1): Conv2d(256, 128, kernel_size=(1, 1), stride=(1, 1), bias=False)
      (conv2): Conv2d(128, 128, kernel_size=(3, 3), stride=(2, 2), padding=(1, 1), bias=False)
      (conv3): Conv2d(128, 512, kernel_size=(1, 1), stride=(1, 1), bias=False)
      (relu): ReLU(inplace)
      (downsample): Sequential(
        (0): Conv2d(256, 512, kernel_size=(1, 1), stride=(2, 2), bias=False)
      )
    )
    (1): Bottleneck(
      (conv1): Conv2d(512, 128, kernel_size=(1, 1), stride=(1, 1), bias=False)
      (conv2): Conv2d(128, 128, kernel_size=(3, 3), stride=(1, 1), padding=(1, 1), bias=False)
      (conv3): Conv2d(128, 512, kernel_size=(1, 1), stride=(1, 1), bias=False)
      (relu): ReLU(inplace)
    )
    (2): Bottleneck(
      (conv1): Conv2d(512, 128, kernel_size=(1, 1), stride=(1, 1), bias=False)
      (conv2): Conv2d(128, 128, kernel_size=(3, 3), stride=(1, 1), padding=(1, 1), bias=False)
      (conv3): Conv2d(128, 512, kernel_size=(1, 1), stride=(1, 1), bias=False)
      (relu): ReLU(inplace)
    )
  )
  (layer3): Sequential(
    (0): Bottleneck(
      (conv1): Conv2d(512, 256, kernel_size=(1, 1), stride=(1, 1), bias=False)
      (conv2): Conv2d(256, 256, kernel_size=(3, 3), stride=(2, 2), padding=(1, 1), bias=False)
      (conv3): Conv2d(256, 1024, kernel_size=(1, 1), stride=(1, 1), bias=False)
      (relu): ReLU(inplace)
      (downsample): Sequential(
        (0): Conv2d(512, 1024, kernel_size=(1, 1), stride=(2, 2), bias=False)
      )
    )
    (1): Bottleneck(
      (conv1): Conv2d(1024, 256, kernel_size=(1, 1), stride=(1, 1), bias=False)
      (conv2): Conv2d(256, 256, kernel_size=(3, 3), stride=(1, 1), padding=(1, 1), bias=False)
      (conv3): Conv2d(256, 1024, kernel_size=(1, 1), stride=(1, 1), bias=False)
      (relu): ReLU(inplace)
    )
    (2): Bottleneck(
      (conv1): Conv2d(1024, 256, kernel_size=(1, 1), stride=(1, 1), bias=False)
      (conv2): Conv2d(256, 256, kernel_size=(3, 3), stride=(1, 1), padding=(1, 1), bias=False)
      (conv3): Conv2d(256, 1024, kernel_size=(1, 1), stride=(1, 1), bias=False)
      (relu): ReLU(inplace)
    )
  )
  (layer4): Sequential(
    (0): Bottleneck(
      (conv1): Conv2d(1024, 512, kernel_size=(1, 1), stride=(1, 1), bias=False)
      (conv2): Conv2d(512, 512, kernel_size=(3, 3), stride=(2, 2), padding=(1, 1), bias=False)
      (conv3): Conv2d(512, 2048, kernel_size=(1, 1), stride=(1, 1), bias=False)
      (relu): ReLU(inplace)
      (downsample): Sequential(
        (0): Conv2d(1024, 2048, kernel_size=(1, 1), stride=(2, 2), bias=False)
      )
    )
    (1): Bottleneck(
      (conv1): Conv2d(2048, 512, kernel_size=(1, 1), stride=(1, 1), bias=False)
      (conv2): Conv2d(512, 512, kernel_size=(3, 3), stride=(1, 1), padding=(1, 1), bias=False)
      (conv3): Conv2d(512, 2048, kernel_size=(1, 1), stride=(1, 1), bias=False)
      (relu): ReLU(inplace)
    )
    (2): Bottleneck(
      (conv1): Conv2d(2048, 512, kernel_size=(1, 1), stride=(1, 1), bias=False)
      (conv2): Conv2d(512, 512, kernel_size=(3, 3), stride=(1, 1), padding=(1, 1), bias=False)
      (conv3): Conv2d(512, 2048, kernel_size=(1, 1), stride=(1, 1), bias=False)
      (relu): ReLU(inplace)
    )
  )
  (avgpool): AvgPool2d(kernel_size=7, stride=1, padding=0)
  (fclass): Linear(in_features=2048, out_features=65, bias=True)
)
Initializing Datasets and Dataloaders...
Params to learn:
	 conv1.weight
	 layer1.0.conv1.weight
	 layer1.0.conv2.weight
	 layer1.0.conv3.weight
	 layer1.0.downsample.0.weight
	 layer1.1.conv1.weight
	 layer1.1.conv2.weight
	 layer1.1.conv3.weight
	 layer1.2.conv1.weight
	 layer1.2.conv2.weight
	 layer1.2.conv3.weight
	 layer2.0.conv1.weight
	 layer2.0.conv2.weight
	 layer2.0.conv3.weight
	 layer2.0.downsample.0.weight
	 layer2.1.conv1.weight
	 layer2.1.conv2.weight
	 layer2.1.conv3.weight
	 layer2.2.conv1.weight
	 layer2.2.conv2.weight
	 layer2.2.conv3.weight
	 layer3.0.conv1.weight
	 layer3.0.conv2.weight
	 layer3.0.conv3.weight
	 layer3.0.downsample.0.weight
	 layer3.1.conv1.weight
	 layer3.1.conv2.weight
	 layer3.1.conv3.weight
	 layer3.2.conv1.weight
	 layer3.2.conv2.weight
	 layer3.2.conv3.weight
	 layer4.0.conv1.weight
	 layer4.0.conv2.weight
	 layer4.0.conv3.weight
	 layer4.0.downsample.0.weight
	 layer4.1.conv1.weight
	 layer4.1.conv2.weight
	 layer4.1.conv3.weight
	 layer4.2.conv1.weight
	 layer4.2.conv2.weight
	 layer4.2.conv3.weight
	 fclass.weight
	 fclass.bias
Epoch 0/179
----------
train Loss: 4.2179 Acc: 0.0221
val Loss: 4.1272 Acc: 0.0274

Epoch 1/179
----------
train Loss: 4.1256 Acc: 0.0229
val Loss: 4.1048 Acc: 0.0320

Epoch 2/179
----------
train Loss: 4.0969 Acc: 0.0246
val Loss: 4.0886 Acc: 0.0320

Epoch 3/179
----------
train Loss: 4.0623 Acc: 0.0341
val Loss: 4.0567 Acc: 0.0228

Epoch 4/179
----------
train Loss: 4.0207 Acc: 0.0373
val Loss: 3.9837 Acc: 0.0297

Epoch 5/179
----------
train Loss: 3.9854 Acc: 0.0413
val Loss: 3.9519 Acc: 0.0388

Epoch 6/179
----------
train Loss: 3.9524 Acc: 0.0467
val Loss: 3.9317 Acc: 0.0502

Epoch 7/179
----------
train Loss: 3.9349 Acc: 0.0576
val Loss: 3.9191 Acc: 0.0502

Epoch 8/179
----------
train Loss: 3.9110 Acc: 0.0556
val Loss: 3.9135 Acc: 0.0525

Epoch 9/179
----------
train Loss: 3.8663 Acc: 0.0631
val Loss: 3.8386 Acc: 0.0502

Epoch 10/179
----------
train Loss: 3.8504 Acc: 0.0702
val Loss: 3.8591 Acc: 0.0594

Epoch 11/179
----------
train Loss: 3.8053 Acc: 0.0851
val Loss: 3.7854 Acc: 0.0799

Epoch 12/179
----------
train Loss: 3.7755 Acc: 0.0868
val Loss: 3.7916 Acc: 0.0822

Epoch 13/179
----------
train Loss: 3.7524 Acc: 0.0934
val Loss: 3.7612 Acc: 0.0913

Epoch 14/179
----------
train Loss: 3.7084 Acc: 0.0983
val Loss: 3.7279 Acc: 0.0776

Epoch 15/179
----------
train Loss: 3.7209 Acc: 0.0957
val Loss: 3.7605 Acc: 0.0776

Epoch 16/179
----------
train Loss: 3.6958 Acc: 0.1003
val Loss: 3.7794 Acc: 0.0753

Epoch 17/179
----------
train Loss: 3.6629 Acc: 0.1063
val Loss: 3.6679 Acc: 0.0868

Epoch 18/179
----------
train Loss: 3.6429 Acc: 0.1066
val Loss: 3.6353 Acc: 0.0822

Epoch 19/179
----------
train Loss: 3.6107 Acc: 0.1089
val Loss: 3.6912 Acc: 0.0936

Epoch 20/179
----------
train Loss: 3.5498 Acc: 0.1198
val Loss: 3.6767 Acc: 0.1050

Epoch 21/179
----------
train Loss: 3.5278 Acc: 0.1258
val Loss: 3.6442 Acc: 0.1256

Epoch 22/179
----------
train Loss: 3.4883 Acc: 0.1318
val Loss: 3.5814 Acc: 0.1096

Epoch 23/179
----------
train Loss: 3.4497 Acc: 0.1422
val Loss: 3.4772 Acc: 0.1256

Epoch 24/179
----------
train Loss: 3.4332 Acc: 0.1488
val Loss: 3.5634 Acc: 0.1210

Epoch 25/179
----------
train Loss: 3.3885 Acc: 0.1536
val Loss: 3.3948 Acc: 0.1438

Epoch 26/179
----------
train Loss: 3.3556 Acc: 0.1668
val Loss: 3.4451 Acc: 0.1689

Epoch 27/179
----------
train Loss: 3.2984 Acc: 0.1745
val Loss: 3.4931 Acc: 0.1598

Epoch 28/179
----------
train Loss: 3.2676 Acc: 0.1771
val Loss: 3.3622 Acc: 0.1575

Epoch 29/179
----------
train Loss: 3.2489 Acc: 0.1763
val Loss: 3.3240 Acc: 0.1712

Epoch 30/179
----------
train Loss: 3.2074 Acc: 0.1791
val Loss: 3.2054 Acc: 0.1963

Epoch 31/179
----------
train Loss: 3.1529 Acc: 0.1989
val Loss: 3.2234 Acc: 0.1849

Epoch 32/179
----------
train Loss: 3.1207 Acc: 0.2035
val Loss: 3.0951 Acc: 0.2078

Epoch 33/179
----------
train Loss: 3.0977 Acc: 0.2190
val Loss: 3.8065 Acc: 0.0982

Epoch 34/179
----------
train Loss: 3.1074 Acc: 0.2061
val Loss: 3.1399 Acc: 0.2078

Epoch 35/179
----------
train Loss: 3.0291 Acc: 0.2181
val Loss: 3.1744 Acc: 0.2146

Epoch 36/179
----------
train Loss: 2.9674 Acc: 0.2287
val Loss: 3.1634 Acc: 0.2078

Epoch 37/179
----------
train Loss: 2.9520 Acc: 0.2316
val Loss: 3.0405 Acc: 0.2283

Epoch 38/179
----------
train Loss: 2.8590 Acc: 0.2623
val Loss: 3.0196 Acc: 0.2329

Epoch 39/179
----------
train Loss: 2.8487 Acc: 0.2582
val Loss: 3.0515 Acc: 0.2283

Epoch 40/179
----------
train Loss: 2.8161 Acc: 0.2602
val Loss: 2.9570 Acc: 0.2626

Epoch 41/179
----------
train Loss: 2.8160 Acc: 0.2829
val Loss: 2.9922 Acc: 0.2626

Epoch 42/179
----------
train Loss: 2.7406 Acc: 0.2806
val Loss: 2.9668 Acc: 0.2694

Epoch 43/179
----------
train Loss: 2.6578 Acc: 0.3030
val Loss: 2.9408 Acc: 0.2900

Epoch 44/179
----------
train Loss: 2.6479 Acc: 0.3124
val Loss: 3.0884 Acc: 0.2854

Epoch 45/179
----------
train Loss: 2.6192 Acc: 0.3070
val Loss: 2.8181 Acc: 0.3037

Epoch 46/179
----------
train Loss: 2.5368 Acc: 0.3262
val Loss: 2.7352 Acc: 0.3265

Epoch 47/179
----------
train Loss: 2.5151 Acc: 0.3330
val Loss: 2.7961 Acc: 0.3014

Epoch 48/179
----------
train Loss: 2.5219 Acc: 0.3342
val Loss: 2.8036 Acc: 0.3174

Epoch 49/179
----------
train Loss: 2.4602 Acc: 0.3534
val Loss: 2.7260 Acc: 0.3402

Epoch 50/179
----------
train Loss: 2.3571 Acc: 0.3657
val Loss: 2.7811 Acc: 0.3059

Epoch 51/179
----------
train Loss: 2.3382 Acc: 0.3864
val Loss: 2.8429 Acc: 0.3516

Epoch 52/179
----------
train Loss: 2.3072 Acc: 0.3760
val Loss: 2.8348 Acc: 0.3333

Epoch 53/179
----------
train Loss: 2.2954 Acc: 0.3869
val Loss: 2.8083 Acc: 0.3356

Epoch 54/179
----------
train Loss: 2.2432 Acc: 0.4001
val Loss: 2.6598 Acc: 0.3493

Epoch 55/179
----------
train Loss: 2.1838 Acc: 0.3987
val Loss: 2.6060 Acc: 0.3927

Epoch 56/179
----------
train Loss: 2.1658 Acc: 0.4202
val Loss: 2.7325 Acc: 0.3950

Epoch 57/179
----------
train Loss: 2.1170 Acc: 0.4273
val Loss: 2.7271 Acc: 0.3858

Epoch 58/179
----------
train Loss: 2.0855 Acc: 0.4379
val Loss: 2.6805 Acc: 0.4155

Epoch 59/179
----------
train Loss: 2.0223 Acc: 0.4531
val Loss: 2.8690 Acc: 0.3836

Epoch 60/179
----------
train Loss: 2.0311 Acc: 0.4540
val Loss: 2.6142 Acc: 0.3881

Epoch 61/179
----------
train Loss: 1.9466 Acc: 0.4635
val Loss: 2.6124 Acc: 0.4041

Epoch 62/179
----------
train Loss: 1.9053 Acc: 0.4781
val Loss: 2.8623 Acc: 0.3493

Epoch 63/179
----------
train Loss: 1.9110 Acc: 0.4841
val Loss: 2.6195 Acc: 0.4110

Epoch 64/179
----------
train Loss: 1.8927 Acc: 0.4878
val Loss: 2.7706 Acc: 0.3836

Epoch 65/179
----------
train Loss: 1.8298 Acc: 0.4999
val Loss: 2.6266 Acc: 0.4292

Epoch 66/179
----------
train Loss: 1.7567 Acc: 0.5128
val Loss: 2.7626 Acc: 0.3904

Epoch 67/179
----------
train Loss: 1.7728 Acc: 0.5168
val Loss: 2.6405 Acc: 0.4201

Epoch 68/179
----------
train Loss: 1.7334 Acc: 0.5179
val Loss: 2.8646 Acc: 0.4064

Epoch 69/179
----------
train Loss: 1.7312 Acc: 0.5291
val Loss: 2.5924 Acc: 0.4269

Epoch 70/179
----------
train Loss: 1.7031 Acc: 0.5331
val Loss: 2.5352 Acc: 0.4452

Epoch 71/179
----------
train Loss: 1.6506 Acc: 0.5480
val Loss: 2.5783 Acc: 0.4384

Epoch 72/179
----------
train Loss: 1.6064 Acc: 0.5661
val Loss: 2.5219 Acc: 0.4384

Epoch 73/179
----------
train Loss: 1.5471 Acc: 0.5758
val Loss: 2.7687 Acc: 0.4543

Epoch 74/179
----------
train Loss: 1.5590 Acc: 0.5586
val Loss: 2.6390 Acc: 0.4521

Epoch 75/179
----------
train Loss: 1.5375 Acc: 0.5767
val Loss: 2.5435 Acc: 0.4521

Epoch 76/179
----------
train Loss: 1.4656 Acc: 0.5913
val Loss: 3.0709 Acc: 0.4361

Epoch 77/179
----------
train Loss: 1.4857 Acc: 0.5896
val Loss: 2.5799 Acc: 0.4703

Epoch 78/179
----------
train Loss: 1.4819 Acc: 0.5956
val Loss: 2.7255 Acc: 0.4521

Epoch 79/179
----------
train Loss: 1.4202 Acc: 0.6033
val Loss: 2.8337 Acc: 0.4384

Epoch 80/179
----------
train Loss: 1.3928 Acc: 0.6088
val Loss: 2.6486 Acc: 0.4726

Epoch 81/179
----------
train Loss: 1.4153 Acc: 0.6085
val Loss: 2.6116 Acc: 0.4817

Epoch 82/179
----------
train Loss: 1.3388 Acc: 0.6277
val Loss: 2.7291 Acc: 0.4612

Epoch 83/179
----------
train Loss: 1.2804 Acc: 0.6429
val Loss: 2.5396 Acc: 0.4772

Epoch 84/179
----------
train Loss: 1.3004 Acc: 0.6386
val Loss: 2.9536 Acc: 0.4521

Epoch 85/179
----------
train Loss: 1.2968 Acc: 0.6472
val Loss: 2.8810 Acc: 0.4726

Epoch 86/179
----------
train Loss: 1.2263 Acc: 0.6566
val Loss: 2.7766 Acc: 0.4475

Epoch 87/179
----------
train Loss: 1.2529 Acc: 0.6532
val Loss: 2.9176 Acc: 0.4909

Epoch 88/179
----------
train Loss: 1.2160 Acc: 0.6566
val Loss: 2.9755 Acc: 0.4635

Epoch 89/179
----------
train Loss: 1.1691 Acc: 0.6704
val Loss: 3.0900 Acc: 0.4521

Epoch 90/179
----------
train Loss: 1.2096 Acc: 0.6629
val Loss: 2.7420 Acc: 0.4909

Epoch 91/179
----------
train Loss: 1.1868 Acc: 0.6684
val Loss: 2.6416 Acc: 0.4566

Epoch 92/179
----------
train Loss: 1.1380 Acc: 0.6930
val Loss: 2.5562 Acc: 0.4954

Epoch 93/179
----------
train Loss: 1.1076 Acc: 0.6936
val Loss: 2.6964 Acc: 0.4749

Epoch 94/179
----------
train Loss: 1.1455 Acc: 0.6799
val Loss: 2.6891 Acc: 0.5068

Epoch 95/179
----------
train Loss: 1.0947 Acc: 0.6948
val Loss: 2.5134 Acc: 0.5114

Epoch 96/179
----------
train Loss: 1.0536 Acc: 0.7056
val Loss: 2.8351 Acc: 0.4932

Epoch 97/179
----------
train Loss: 1.0468 Acc: 0.7111
val Loss: 2.7322 Acc: 0.5205

Epoch 98/179
----------
train Loss: 1.0027 Acc: 0.7154
val Loss: 2.7175 Acc: 0.4703

Epoch 99/179
----------
train Loss: 1.0682 Acc: 0.7031
val Loss: 3.0719 Acc: 0.4840

Epoch 100/179
----------
train Loss: 1.0396 Acc: 0.7099
val Loss: 2.6812 Acc: 0.5023

Epoch 101/179
----------
train Loss: 0.9389 Acc: 0.7346
val Loss: 2.7362 Acc: 0.5251

Epoch 102/179
----------
train Loss: 0.9714 Acc: 0.7260
val Loss: 2.7432 Acc: 0.4840

Epoch 103/179
----------
train Loss: 0.9540 Acc: 0.7274
val Loss: 2.9301 Acc: 0.4749

Epoch 104/179
----------
train Loss: 1.0161 Acc: 0.7234
val Loss: 3.0431 Acc: 0.4909

Epoch 105/179
----------
train Loss: 1.0290 Acc: 0.7254
val Loss: 2.7266 Acc: 0.5114

Epoch 106/179
----------
train Loss: 0.9556 Acc: 0.7294
val Loss: 2.9356 Acc: 0.4863

Epoch 107/179
----------
train Loss: 0.9203 Acc: 0.7449
val Loss: 2.8551 Acc: 0.4954

Epoch 108/179
----------
train Loss: 0.9575 Acc: 0.7334
val Loss: 2.5441 Acc: 0.5137

Epoch 109/179
----------
train Loss: 0.9475 Acc: 0.7349
val Loss: 2.8448 Acc: 0.5274

Epoch 110/179
----------
train Loss: 0.8878 Acc: 0.7472
val Loss: 3.0461 Acc: 0.4703

Epoch 111/179
----------
train Loss: 0.8913 Acc: 0.7541
val Loss: 3.1068 Acc: 0.4749

Epoch 112/179
----------
train Loss: 0.9229 Acc: 0.7484
val Loss: 2.7607 Acc: 0.5274

Epoch 113/179
----------
train Loss: 0.9058 Acc: 0.7463
val Loss: 2.8478 Acc: 0.4772

Epoch 114/179
----------
train Loss: 0.8999 Acc: 0.7509
val Loss: 2.7888 Acc: 0.5274

Epoch 115/179
----------
train Loss: 0.8533 Acc: 0.7607
val Loss: 2.8832 Acc: 0.4977

Epoch 116/179
----------
train Loss: 0.8135 Acc: 0.7750
val Loss: 2.9038 Acc: 0.5114

Epoch 117/179
----------
train Loss: 0.8484 Acc: 0.7707
val Loss: 2.7325 Acc: 0.5000

Epoch 118/179
----------
train Loss: 0.7928 Acc: 0.7876
val Loss: 2.8987 Acc: 0.5297

Epoch 119/179
----------
train Loss: 0.7901 Acc: 0.7782
val Loss: 2.8555 Acc: 0.5251

Epoch 120/179
----------
train Loss: 0.8171 Acc: 0.7696
val Loss: 2.7367 Acc: 0.5160

Epoch 121/179
----------
train Loss: 0.8113 Acc: 0.7681
val Loss: 2.9012 Acc: 0.4863

Epoch 122/179
----------
train Loss: 0.8247 Acc: 0.7693
val Loss: 2.6107 Acc: 0.4886

Epoch 123/179
----------
train Loss: 0.7850 Acc: 0.7807
val Loss: 3.1132 Acc: 0.4954

Epoch 124/179
----------
train Loss: 0.7949 Acc: 0.7825
val Loss: 2.6571 Acc: 0.5091

Epoch 125/179
----------
train Loss: 0.7804 Acc: 0.7787
val Loss: 2.8024 Acc: 0.5000

Epoch 126/179
----------
train Loss: 0.7647 Acc: 0.7813
val Loss: 2.6689 Acc: 0.5137

Epoch 127/179
----------
train Loss: 0.7038 Acc: 0.8057
val Loss: 2.8506 Acc: 0.5228

Epoch 128/179
----------
train Loss: 0.7631 Acc: 0.7839
val Loss: 2.5738 Acc: 0.5160

Epoch 129/179
----------
train Loss: 0.7062 Acc: 0.8040
val Loss: 3.0841 Acc: 0.5114

Epoch 130/179
----------
train Loss: 0.6988 Acc: 0.8028
val Loss: 2.9008 Acc: 0.5000

Epoch 131/179
----------
train Loss: 0.6861 Acc: 0.8034
val Loss: 3.3460 Acc: 0.4817

Epoch 132/179
----------
train Loss: 0.7007 Acc: 0.8051
val Loss: 3.1966 Acc: 0.5114

Epoch 133/179
----------
train Loss: 0.6750 Acc: 0.8120
val Loss: 2.7940 Acc: 0.5342

Epoch 134/179
----------
train Loss: 0.7153 Acc: 0.8008
val Loss: 2.7000 Acc: 0.4909

Epoch 135/179
----------
train Loss: 0.6900 Acc: 0.8068
val Loss: 3.0313 Acc: 0.5000

Epoch 136/179
----------
train Loss: 0.7039 Acc: 0.8002
val Loss: 2.9250 Acc: 0.4977

Epoch 137/179
----------
train Loss: 0.6403 Acc: 0.8223
val Loss: 3.2285 Acc: 0.4954

Epoch 138/179
----------
train Loss: 0.6864 Acc: 0.8080
val Loss: 2.8847 Acc: 0.4932

Epoch 139/179
----------
train Loss: 0.6683 Acc: 0.8091
val Loss: 3.1482 Acc: 0.4932

Epoch 140/179
----------
train Loss: 0.6980 Acc: 0.8062
val Loss: 3.0736 Acc: 0.4863

Epoch 141/179
----------
train Loss: 0.6241 Acc: 0.8200
val Loss: 3.0707 Acc: 0.4977

Epoch 142/179
----------
train Loss: 0.6634 Acc: 0.8140
val Loss: 2.8857 Acc: 0.5365

Epoch 143/179
----------
train Loss: 0.6750 Acc: 0.8154
val Loss: 2.9383 Acc: 0.5160

Epoch 144/179
----------
train Loss: 0.6181 Acc: 0.8286
val Loss: 3.1999 Acc: 0.5205

Epoch 145/179
----------
train Loss: 0.6751 Acc: 0.8065
val Loss: 3.1482 Acc: 0.4817

Epoch 146/179
----------
train Loss: 0.6323 Acc: 0.8220
val Loss: 2.9186 Acc: 0.5068

Epoch 147/179
----------
train Loss: 0.6435 Acc: 0.8151
val Loss: 3.0577 Acc: 0.5274

Epoch 148/179
----------
train Loss: 0.5939 Acc: 0.8306
val Loss: 2.9497 Acc: 0.5046

Epoch 149/179
----------
train Loss: 0.6209 Acc: 0.8220
val Loss: 3.1621 Acc: 0.4932

Epoch 150/179
----------
train Loss: 0.6039 Acc: 0.8263
val Loss: 3.0442 Acc: 0.4909

Epoch 151/179
----------
train Loss: 0.6160 Acc: 0.8326
val Loss: 3.0717 Acc: 0.5228

Epoch 152/179
----------
train Loss: 0.5942 Acc: 0.8246
val Loss: 3.2989 Acc: 0.4954

Epoch 153/179
----------
train Loss: 0.5963 Acc: 0.8275
val Loss: 2.9869 Acc: 0.5342

Epoch 154/179
----------
train Loss: 0.5513 Acc: 0.8478
val Loss: 3.1228 Acc: 0.5183

Epoch 155/179
----------
train Loss: 0.5820 Acc: 0.8392
val Loss: 3.0524 Acc: 0.5023

Epoch 156/179
----------
train Loss: 0.5395 Acc: 0.8447
val Loss: 3.4259 Acc: 0.4977

Epoch 157/179
----------
train Loss: 0.5993 Acc: 0.8309
val Loss: 3.1472 Acc: 0.5000

Epoch 158/179
----------
train Loss: 0.6029 Acc: 0.8257
val Loss: 2.8478 Acc: 0.5023

Epoch 159/179
----------
train Loss: 0.5808 Acc: 0.8421
val Loss: 3.1997 Acc: 0.4954

Epoch 160/179
----------
train Loss: 0.5628 Acc: 0.8447
val Loss: 3.0177 Acc: 0.5114

Epoch 161/179
----------
train Loss: 0.5195 Acc: 0.8541
val Loss: 3.4300 Acc: 0.5023

Epoch 162/179
----------
train Loss: 0.5903 Acc: 0.8378
val Loss: 3.2328 Acc: 0.5000

Epoch 163/179
----------
train Loss: 0.5888 Acc: 0.8398
val Loss: 3.0169 Acc: 0.4954

Epoch 164/179
----------
train Loss: 0.5709 Acc: 0.8386
val Loss: 2.8608 Acc: 0.5411

Epoch 165/179
----------
train Loss: 0.5339 Acc: 0.8530
val Loss: 3.3454 Acc: 0.5000

Epoch 166/179
----------
train Loss: 0.5255 Acc: 0.8512
val Loss: 3.1647 Acc: 0.5411

Epoch 167/179
----------
train Loss: 0.5604 Acc: 0.8449
val Loss: 2.9642 Acc: 0.5205

Epoch 168/179
----------
train Loss: 0.5306 Acc: 0.8464
val Loss: 3.3931 Acc: 0.5297

Epoch 169/179
----------
train Loss: 0.5274 Acc: 0.8512
val Loss: 3.1780 Acc: 0.5137

Epoch 170/179
----------
train Loss: 0.5037 Acc: 0.8616
val Loss: 2.9963 Acc: 0.5137

Epoch 171/179
----------
train Loss: 0.5106 Acc: 0.8604
val Loss: 3.3367 Acc: 0.5137

Epoch 172/179
----------
train Loss: 0.5529 Acc: 0.8432
val Loss: 3.2671 Acc: 0.5046

Epoch 173/179
----------
train Loss: 0.5445 Acc: 0.8461
val Loss: 3.2652 Acc: 0.5000

Epoch 174/179
----------
train Loss: 0.5183 Acc: 0.8518
val Loss: 2.9480 Acc: 0.5160

Epoch 175/179
----------
train Loss: 0.5197 Acc: 0.8518
val Loss: 3.6073 Acc: 0.4977

Epoch 176/179
----------
train Loss: 0.4966 Acc: 0.8619
val Loss: 3.0098 Acc: 0.5137

Epoch 177/179
----------
train Loss: 0.5151 Acc: 0.8515
val Loss: 3.1666 Acc: 0.5183

Epoch 178/179
----------
train Loss: 0.5074 Acc: 0.8544
val Loss: 3.4991 Acc: 0.5320

Epoch 179/179
----------
train Loss: 0.5017 Acc: 0.8530
val Loss: 2.8932 Acc: 0.5274

Training complete in 104m 11s
Best val Acc: 0.541096
creating directory:  /workspace/ruilei/hw/result/taskC_BN_2019-04-15-16_40
